console.error: 
  Message: ReferenceError: reason is not defined
  Stack:
    exports.onUnload@resource://gre/modules/commonjs/toolkit/loader.js -> resource://commonfix-at-mozillaonline-dot-com/lib/main.js:316:1
unload/<@resource://gre/modules/commonjs/toolkit/loader.js -> resource://gre/modules/commonjs/sdk/system/unload.js:79:9
unload@resource://gre/modules/commonjs/toolkit/loader.js -> resource://gre/modules/commonjs/sdk/system/unload.js:73:3
onunload@resource://gre/modules/commonjs/toolkit/loader.js -> resource://gre/modules/commonjs/sdk/system/unload.js:99:5
observe@resource://gre/modules/commonjs/toolkit/loader.js -> resource://gre/modules/commonjs/sdk/system/events.js:81:7
unload@resource://gre/modules/commonjs/toolkit/loader.js:956:3
unload/<@resource://gre/modules/commonjs/toolkit/loader.js -> resource://gre/modules/commonjs/sdk/addon/bootstrap.js:156:9
unload@resource://gre/modules/commonjs/toolkit/loader.js -> resource://gre/modules/commonjs/sdk/addon/bootstrap.js:152:12
shutdown@resource://gre/modules/commonjs/toolkit/loader.js -> resource://gre/modules/commonjs/sdk/addon/bootstrap.js:149:12
callBootstrapMethod@resource://gre/modules/addons/XPIProvider.jsm:4903:11
observe@resource://gre/modules/addons/XPIProvider.jsm:2884:15

console.error: 
  Message: ReferenceError: reason is not defined
  Stack:
    exports.onUnload@resource://gre/modules/commonjs/toolkit/loader.js -> resource://commonfix-at-mozillaonline-dot-com/lib/main.js:316:1
unload/<@resource://gre/modules/commonjs/toolkit/loader.js -> resource://gre/modules/commonjs/sdk/system/unload.js:79:9
unload@resource://gre/modules/commonjs/toolkit/loader.js -> resource://gre/modules/commonjs/sdk/system/unload.js:73:3
onunload@resource://gre/modules/commonjs/toolkit/loader.js -> resource://gre/modules/commonjs/sdk/system/unload.js:99:5
observe@resource://gre/modules/commonjs/toolkit/loader.js -> resource://gre/modules/commonjs/sdk/system/events.js:81:7
unload@resource://gre/modules/commonjs/toolkit/loader.js:956:3
unload/<@resource://gre/modules/commonjs/toolkit/loader.js -> resource://gre/modules/commonjs/sdk/addon/bootstrap.js:156:9
unload@resource://gre/modules/commonjs/toolkit/loader.js -> resource://gre/modules/commonjs/sdk/addon/bootstrap.js:152:12
shutdown@resource://gre/modules/commonjs/toolkit/loader.js -> resource://gre/modules/commonjs/sdk/addon/bootstrap.js:149:12
callBootstrapMethod@resource://gre/modules/addons/XPIProvider.jsm:4903:11
observe@resource://gre/modules/addons/XPIProvider.jsm:2884:15

